<?xml version="1.0" encoding="UTF-8"?>
<!-- Generated by org.testng.reporters.JUnitXMLReporter -->
<testsuite hostname="Dreammoon" ignored="5" name="Test of TestNG project" tests="3" failures="0" timestamp="12 Sep 2018 17:50:55 GMT" time="0.031" errors="0">
  <testcase name="testCase10" time="0.0" classname="testNGProject.TestNGProject01"/>
  <testcase name="testCase11" time="0.0" classname="testNGProject.TestNGProject01"/>
  <testcase name="testCase12" time="0.0" classname="testNGProject.TestNGProject01"/>
  <testcase name="testCase13" time="0.0" classname="testNGProject.TestNGProject01">
    <ignored/>
  </testcase> <!-- testCase13 -->
  <testcase name="testCase07" time="0.0" classname="testNGProject.TestNGProject">
    <ignored/>
  </testcase> <!-- testCase07 -->
  <testcase name="testCase09" time="0.0" classname="testNGProject.TestNGProject">
    <ignored/>
  </testcase> <!-- testCase09 -->
  <testcase name="testCase06" time="0.0" classname="testNGProject.TestNGProject">
    <ignored/>
  </testcase> <!-- testCase06 -->
  <testcase name="testCase08" time="0.0" classname="testNGProject.TestNGProject">
    <ignored/>
  </testcase> <!-- testCase08 -->
</testsuite> <!-- Test of TestNG project -->
