<?xml version="1.0" encoding="UTF-8"?>
<!-- Generated by org.testng.reporters.JUnitXMLReporter -->
<testsuite hostname="Dreammoon" ignored="0" name="Test" tests="4" failures="0" timestamp="12 Sep 2018 17:06:54 GMT" time="0.031" errors="0">
  <testcase name="testCase06" time="0.0" classname="testNGProject.TestNGProject"/>
  <testcase name="testCase07" time="0.0" classname="testNGProject.TestNGProject"/>
  <testcase name="testCase08" time="0.0" classname="testNGProject.TestNGProject"/>
  <testcase name="testCase09" time="0.0" classname="testNGProject.TestNGProject"/>
</testsuite> <!-- Test -->
