<?xml version="1.0" encoding="UTF-8"?>
<!-- Generated by org.testng.reporters.JUnitXMLReporter -->
<testsuite hostname="Dreammoon" ignored="0" name="Default test" tests="4" failures="0" timestamp="12 Sep 2018 17:42:52 GMT" time="0.031" errors="0">
  <testcase name="testCase10" time="0.0" classname="testNGProject.TestNGProject01"/>
  <testcase name="testCase11" time="0.016" classname="testNGProject.TestNGProject01"/>
  <testcase name="testCase12" time="0.0" classname="testNGProject.TestNGProject01"/>
  <testcase name="testCase13" time="0.0" classname="testNGProject.TestNGProject01"/>
</testsuite> <!-- Default test -->
