<?xml version="1.0" encoding="UTF-8"?>
<testng-results skipped="0" failed="0" ignored="5" total="8" passed="3">
  <reporter-output>
  </reporter-output>
  <suite name="TestNGProject1002" duration-ms="31" started-at="2018-09-12T17:50:55Z" finished-at="2018-09-12T17:50:55Z">
    <groups>
    </groups>
    <test name="Test of TestNG project" duration-ms="31" started-at="2018-09-12T17:50:55Z" finished-at="2018-09-12T17:50:55Z">
      <class name="testNGProject.TestNGProject01">
        <test-method status="PASS" signature="testCase10()[pri:0, instance:testNGProject.TestNGProject01@6cc4c815]" name="testCase10" duration-ms="0" started-at="2018-09-12T17:50:55Z" finished-at="2018-09-12T17:50:55Z">
          <reporter-output>
          </reporter-output>
        </test-method> <!-- testCase10 -->
        <test-method status="PASS" signature="testCase12()[pri:0, instance:testNGProject.TestNGProject01@6cc4c815]" name="testCase12" duration-ms="0" started-at="2018-09-12T17:50:55Z" finished-at="2018-09-12T17:50:55Z">
          <reporter-output>
          </reporter-output>
        </test-method> <!-- testCase12 -->
        <test-method status="PASS" signature="testCase11()[pri:0, instance:testNGProject.TestNGProject01@6cc4c815]" name="testCase11" duration-ms="0" started-at="2018-09-12T17:50:55Z" finished-at="2018-09-12T17:50:55Z">
          <reporter-output>
          </reporter-output>
        </test-method> <!-- testCase11 -->
      </class> <!-- testNGProject.TestNGProject01 -->
    </test> <!-- Test of TestNG project -->
  </suite> <!-- TestNGProject1002 -->
</testng-results>
